2020-10-13 8:20:42 - PHP Notice:  Trying to access array offset on value of type bool in /home/jeffreytht/Desktop/RealWorldProject/RealWorldProject/web_development/admin/controller/error/not_found.php on line 12
2020-10-13 8:20:42 - PHP Notice:  Trying to access array offset on value of type bool in /home/jeffreytht/Desktop/RealWorldProject/RealWorldProject/web_development/admin/controller/error/not_found.php on line 17
2020-10-13 8:20:42 - PHP Notice:  Trying to access array offset on value of type bool in /home/jeffreytht/Desktop/RealWorldProject/RealWorldProject/web_development/admin/controller/error/not_found.php on line 12
2020-10-13 8:20:42 - PHP Notice:  Trying to access array offset on value of type bool in /home/jeffreytht/Desktop/RealWorldProject/RealWorldProject/web_development/admin/controller/error/not_found.php on line 17
2020-10-13 8:20:42 - PHP Notice:  Trying to access array offset on value of type bool in /home/jeffreytht/Desktop/RealWorldProject/RealWorldProject/web_development/admin/controller/error/not_found.php on line 12
2020-10-13 8:20:42 - PHP Notice:  Trying to access array offset on value of type bool in /home/jeffreytht/Desktop/RealWorldProject/RealWorldProject/web_development/admin/controller/error/not_found.php on line 17
2020-10-13 8:25:30 - PHP Notice:  Trying to access array offset on value of type bool in /home/jeffreytht/Desktop/RealWorldProject/RealWorldProject/web_development/admin/controller/error/not_found.php on line 12
2020-10-13 8:25:30 - PHP Notice:  Trying to access array offset on value of type bool in /home/jeffreytht/Desktop/RealWorldProject/RealWorldProject/web_development/admin/controller/error/not_found.php on line 17
2020-10-13 8:25:30 - PHP Notice:  Trying to access array offset on value of type bool in /home/jeffreytht/Desktop/RealWorldProject/RealWorldProject/web_development/admin/controller/error/not_found.php on line 12
2020-10-13 8:25:30 - PHP Notice:  Trying to access array offset on value of type bool in /home/jeffreytht/Desktop/RealWorldProject/RealWorldProject/web_development/admin/controller/error/not_found.php on line 17
2020-10-13 8:27:18 - PHP Notice:  Trying to access array offset on value of type bool in /home/jeffreytht/Desktop/RealWorldProject/RealWorldProject/web_development/admin/controller/error/not_found.php on line 12
2020-10-13 8:27:18 - PHP Notice:  Trying to access array offset on value of type bool in /home/jeffreytht/Desktop/RealWorldProject/RealWorldProject/web_development/admin/controller/error/not_found.php on line 17
2020-10-13 8:27:18 - PHP Notice:  Trying to access array offset on value of type bool in /home/jeffreytht/Desktop/RealWorldProject/RealWorldProject/web_development/admin/controller/error/not_found.php on line 12
2020-10-13 8:27:18 - PHP Notice:  Trying to access array offset on value of type bool in /home/jeffreytht/Desktop/RealWorldProject/RealWorldProject/web_development/admin/controller/error/not_found.php on line 17
2020-10-13 8:30:17 - PHP Notice:  Trying to access array offset on value of type bool in /home/jeffreytht/Desktop/RealWorldProject/RealWorldProject/web_development/admin/controller/error/not_found.php on line 12
2020-10-13 8:30:17 - PHP Notice:  Trying to access array offset on value of type bool in /home/jeffreytht/Desktop/RealWorldProject/RealWorldProject/web_development/admin/controller/error/not_found.php on line 17
2020-10-13 8:30:17 - PHP Notice:  Trying to access array offset on value of type bool in /home/jeffreytht/Desktop/RealWorldProject/RealWorldProject/web_development/admin/controller/error/not_found.php on line 12
2020-10-13 8:30:17 - PHP Notice:  Trying to access array offset on value of type bool in /home/jeffreytht/Desktop/RealWorldProject/RealWorldProject/web_development/admin/controller/error/not_found.php on line 17
2020-10-13 8:31:46 - PHP Notice:  Trying to access array offset on value of type bool in /home/jeffreytht/Desktop/RealWorldProject/RealWorldProject/web_development/admin/controller/error/not_found.php on line 12
2020-10-13 8:31:46 - PHP Notice:  Trying to access array offset on value of type bool in /home/jeffreytht/Desktop/RealWorldProject/RealWorldProject/web_development/admin/controller/error/not_found.php on line 17
2020-10-13 8:33:10 - PHP Notice:  Trying to access array offset on value of type bool in /home/jeffreytht/Desktop/RealWorldProject/RealWorldProject/web_development/admin/controller/error/not_found.php on line 12
2020-10-13 8:33:10 - PHP Notice:  Trying to access array offset on value of type bool in /home/jeffreytht/Desktop/RealWorldProject/RealWorldProject/web_development/admin/controller/error/not_found.php on line 17
2020-10-13 8:33:10 - PHP Notice:  Trying to access array offset on value of type bool in /home/jeffreytht/Desktop/RealWorldProject/RealWorldProject/web_development/admin/controller/error/not_found.php on line 12
2020-10-13 8:33:10 - PHP Notice:  Trying to access array offset on value of type bool in /home/jeffreytht/Desktop/RealWorldProject/RealWorldProject/web_development/admin/controller/error/not_found.php on line 17
2020-10-13 8:33:33 - PHP Notice:  Trying to access array offset on value of type bool in /home/jeffreytht/Desktop/RealWorldProject/RealWorldProject/web_development/admin/controller/error/not_found.php on line 12
2020-10-13 8:33:33 - PHP Notice:  Trying to access array offset on value of type bool in /home/jeffreytht/Desktop/RealWorldProject/RealWorldProject/web_development/admin/controller/error/not_found.php on line 17
2020-10-13 8:59:46 - PHP Notice:  Undefined variable: filteredData in /home/jeffreytht/Desktop/RealWorldProject/RealWorldProject/web_development/admin/controller/api/appointment.php on line 143
2020-10-13 9:37:09 - PHP Notice:  Undefined index: status in /home/jeffreytht/Desktop/RealWorldProject/RealWorldProject/web_development/catalog/controller/api/appointment.php on line 92
2020-10-13 9:37:09 - PHP Notice:  Undefined index: status in /home/jeffreytht/Desktop/RealWorldProject/RealWorldProject/web_development/catalog/controller/api/appointment.php on line 93
2020-10-14 14:57:25 - PHP Notice:  Undefined index: user_group_id in C:\Users\Acer\Documents\GitHub\RealWorldProject\web_development\admin\model\user\user.php on line 31
2020-10-14 14:57:25 - PHP Notice:  Undefined index: image in C:\Users\Acer\Documents\GitHub\RealWorldProject\web_development\admin\model\user\user.php on line 31
2020-10-14 14:57:25 - PHP Notice:  Undefined index: status in C:\Users\Acer\Documents\GitHub\RealWorldProject\web_development\admin\model\user\user.php on line 31
2020-10-14 14:57:25 - PHP Notice:  Undefined index: password in C:\Users\Acer\Documents\GitHub\RealWorldProject\web_development\admin\model\user\user.php on line 33
2020-10-14 15:11:26 - PHP Notice:  Undefined index: image in C:\Users\Acer\Documents\GitHub\RealWorldProject\web_development\admin\model\user\user.php on line 31
2020-10-14 15:11:26 - PHP Notice:  Undefined index: password in C:\Users\Acer\Documents\GitHub\RealWorldProject\web_development\admin\model\user\user.php on line 33
