2020-09-19 7:09:31 - PHP Warning:  mysqli::__construct(): (HY000/1045): Access denied for user 'root'@'localhost' (using password: YES) in /opt/lampp/htdocs/upload/system/library/db/mysqli.php on line 7
2020-09-19 7:09:31 - PHP Warning:  DB\MySQLi::__construct(): Couldn't fetch mysqli in /opt/lampp/htdocs/upload/system/library/db/mysqli.php on line 10
2020-09-19 7:09:31 - PHP Warning:  DB\MySQLi::__construct(): Couldn't fetch mysqli in /opt/lampp/htdocs/upload/system/library/db/mysqli.php on line 10
2020-09-19 7:09:31 - PHP Notice:  Undefined variable: mysql in /opt/lampp/htdocs/upload/install/controller/install/step_3.php on line 280
2020-09-19 7:09:31 - PHP Notice:  Trying to get property 'connect_error' of non-object in /opt/lampp/htdocs/upload/install/controller/install/step_3.php on line 280
2020-09-19 7:09:40 - PHP Warning:  mysqli::__construct(): (HY000/1045): Access denied for user 'root'@'localhost' (using password: YES) in /opt/lampp/htdocs/upload/system/library/db/mysqli.php on line 7
2020-09-19 7:09:40 - PHP Warning:  DB\MySQLi::__construct(): Couldn't fetch mysqli in /opt/lampp/htdocs/upload/system/library/db/mysqli.php on line 10
2020-09-19 7:09:40 - PHP Warning:  DB\MySQLi::__construct(): Couldn't fetch mysqli in /opt/lampp/htdocs/upload/system/library/db/mysqli.php on line 10
2020-09-19 7:09:40 - PHP Notice:  Undefined variable: mysql in /opt/lampp/htdocs/upload/install/controller/install/step_3.php on line 280
2020-09-19 7:09:40 - PHP Notice:  Trying to get property 'connect_error' of non-object in /opt/lampp/htdocs/upload/install/controller/install/step_3.php on line 280
2020-09-19 7:10:08 - PHP Warning:  mysqli::__construct(): (HY000/1045): Access denied for user 'root'@'localhost' (using password: YES) in /opt/lampp/htdocs/upload/system/library/db/mysqli.php on line 7
2020-09-19 7:10:08 - PHP Warning:  DB\MySQLi::__construct(): Couldn't fetch mysqli in /opt/lampp/htdocs/upload/system/library/db/mysqli.php on line 10
2020-09-19 7:10:08 - PHP Warning:  DB\MySQLi::__construct(): Couldn't fetch mysqli in /opt/lampp/htdocs/upload/system/library/db/mysqli.php on line 10
2020-09-19 7:10:08 - PHP Notice:  Undefined variable: mysql in /opt/lampp/htdocs/upload/install/controller/install/step_3.php on line 280
2020-09-19 7:10:08 - PHP Notice:  Trying to get property 'connect_error' of non-object in /opt/lampp/htdocs/upload/install/controller/install/step_3.php on line 280
2020-09-19 7:10:09 - PHP Warning:  mysqli::__construct(): (HY000/1045): Access denied for user 'root'@'localhost' (using password: YES) in /opt/lampp/htdocs/upload/system/library/db/mysqli.php on line 7
2020-09-19 7:10:09 - PHP Warning:  DB\MySQLi::__construct(): Couldn't fetch mysqli in /opt/lampp/htdocs/upload/system/library/db/mysqli.php on line 10
2020-09-19 7:10:09 - PHP Warning:  DB\MySQLi::__construct(): Couldn't fetch mysqli in /opt/lampp/htdocs/upload/system/library/db/mysqli.php on line 10
2020-09-19 7:10:09 - PHP Notice:  Undefined variable: mysql in /opt/lampp/htdocs/upload/install/controller/install/step_3.php on line 280
2020-09-19 7:10:09 - PHP Notice:  Trying to get property 'connect_error' of non-object in /opt/lampp/htdocs/upload/install/controller/install/step_3.php on line 280
2020-09-19 7:11:42 - PHP Warning:  mysqli::__construct(): (HY000/1045): Access denied for user 'root'@'localhost' (using password: YES) in /opt/lampp/htdocs/upload/system/library/db/mysqli.php on line 7
2020-09-19 7:11:42 - PHP Warning:  DB\MySQLi::__construct(): Couldn't fetch mysqli in /opt/lampp/htdocs/upload/system/library/db/mysqli.php on line 10
2020-09-19 7:11:42 - PHP Warning:  DB\MySQLi::__construct(): Couldn't fetch mysqli in /opt/lampp/htdocs/upload/system/library/db/mysqli.php on line 10
2020-09-19 7:11:42 - PHP Notice:  Undefined variable: mysql in /opt/lampp/htdocs/upload/install/controller/install/step_3.php on line 280
2020-09-19 7:11:42 - PHP Notice:  Trying to get property 'connect_error' of non-object in /opt/lampp/htdocs/upload/install/controller/install/step_3.php on line 280
2020-09-19 7:11:58 - PHP Warning:  mysqli::__construct(): (HY000/1045): Access denied for user 'root'@'localhost' (using password: YES) in /opt/lampp/htdocs/upload/system/library/db/mysqli.php on line 7
2020-09-19 7:11:58 - PHP Warning:  DB\MySQLi::__construct(): Couldn't fetch mysqli in /opt/lampp/htdocs/upload/system/library/db/mysqli.php on line 10
2020-09-19 7:11:58 - PHP Warning:  DB\MySQLi::__construct(): Couldn't fetch mysqli in /opt/lampp/htdocs/upload/system/library/db/mysqli.php on line 10
2020-09-19 7:11:58 - PHP Notice:  Undefined variable: mysql in /opt/lampp/htdocs/upload/install/controller/install/step_3.php on line 280
2020-09-19 7:11:58 - PHP Notice:  Trying to get property 'connect_error' of non-object in /opt/lampp/htdocs/upload/install/controller/install/step_3.php on line 280
2020-09-19 8:08:43 - PHP Warning:  strpos(): Empty needle in /opt/lampp/htdocs/upload/admin/controller/common/login.php on line 17
2020-09-19 8:08:43 - PHP Warning:  strpos(): Empty needle in /opt/lampp/htdocs/upload/admin/controller/common/login.php on line 17
2020-09-19 8:13:40 - PHP Warning:  strpos(): Empty needle in /opt/lampp/htdocs/upload/admin/controller/common/login.php on line 17
2020-09-19 8:13:40 - PHP Warning:  strpos(): Empty needle in /opt/lampp/htdocs/upload/admin/controller/common/login.php on line 17
